./cppbin/DataReadNetwork data/tmp/tweets.HandcodedCPP data/tmp/tweets.HandcodedSortedCPP Handcoded conf/machines.inf d2d
Network External Sort: First page reading is done! 
Network External Sort: Done!

real	7m20.571s
user	22m49.655s
sys	2m4.156s
./cppbin/DataReadNetworkIO data/tmp/tweets.HandcodedCPP data/tmp/tweets.HandcodedSortedCPP Handcoded conf/machines.inf d2d
Network External Sort Data Transfer: Done!

real	1m0.432s
user	1m13.433s
sys	0m49.137s
./cppbin/DataReadNetwork data/tmp/tweets.inPlaceCPP data/tmp/tweets.inPlaceSortedCPP inPlace conf/machines.inf d2d
Network External Sort: First page reading is done! 
Network External Sort: Done!

real	3m25.607s
user	9m14.482s
sys	1m21.430s
./cppbin/DataReadNetworkIO data/tmp/tweets.inPlaceCPP data/tmp/tweets.inPlaceSortedCPP inPlace conf/machines.inf d2d
Network External Sort Data Transfer: Done!

real	1m28.644s
user	1m50.081s
sys	1m18.238s
./cppbin/DataReadNetwork data/tmp/tweets.BoostCPP data/tmp/tweets.BoostSortedCPP Boost conf/machines.inf d2d
Network External Sort: First page reading is done! 
Network External Sort: Done!

real	19m10.986s
user	67m8.623s
sys	1m52.158s
./cppbin/DataReadNetworkIO data/tmp/tweets.BoostCPP data/tmp/tweets.BoostSortedCPP Boost conf/machines.inf d2d
Network External Sort Data Transfer: Done!

real	1m4.132s
user	1m20.729s
sys	0m50.618s
./cppbin/DataReadNetwork data/tmp/tweets.ProtoBufCPP data/tmp/tweets.ProtoBufSortedCPP ProtoBuf conf/machines.inf d2d
Network External Sort: First page reading is done! 
Network External Sort: Done!

real	10m38.206s
user	33m42.982s
sys	2m19.939s
./cppbin/DataReadNetworkIO data/tmp/tweets.ProtoBufCPP data/tmp/tweets.ProtoBufSortedCPP ProtoBuf conf/machines.inf d2d
Network External Sort Data Transfer: Done!

real	0m58.730s
user	1m14.047s
sys	0m44.448s
./cppbin/DataReadNetwork data/tmp/tweets.BsonCPP data/tmp/tweets.BsonSortedCPP Bson conf/machines.inf d2d
Network External Sort: First page reading is done! 
Network External Sort: Done!

real	151m9.046s
user	573m37.828s
sys	4m6.099s
./cppbin/DataReadNetworkIO data/tmp/tweets.BsonCPP data/tmp/tweets.BsonSortedCPP Bson conf/machines.inf d2d
Network External Sort Data Transfer: Done!

real	2m11.261s
user	2m59.980s
sys	1m48.158s
./cppbin/DataReadNetwork data/tmp/tweets.FlatBufCPP data/tmp/tweets.FlatBufSortedCPP FlatBuf conf/machines.inf d2d
Network External Sort: First page reading is done! 
Network External Sort: Done!

real	7m20.047s
user	23m14.200s
sys	1m50.047s
./cppbin/DataReadNetworkIO data/tmp/tweets.FlatBufCPP data/tmp/tweets.FlatBufSortedCPP FlatBuf conf/machines.inf d2d
Network External Sort Data Transfer: Done!

real	1m21.995s
user	1m44.128s
sys	1m9.688s
./cppbin/DataReadNetwork data/tmp/tweets.HandcodedCPP data/tmp/tweets.HandcodedSortedCPP Handcoded conf/machines.inf d2d
Network External Sort: First page reading is done! 
Network External Sort: Done!

real	7m28.885s
user	23m21.212s
sys	1m58.901s
./cppbin/DataReadNetworkIO data/tmp/tweets.HandcodedCPP data/tmp/tweets.HandcodedSortedCPP Handcoded conf/machines.inf d2d
Network External Sort Data Transfer: Done!

real	1m0.303s
user	1m15.919s
sys	0m49.203s
./cppbin/DataReadNetwork data/tmp/tweets.inPlaceCPP data/tmp/tweets.inPlaceSortedCPP inPlace conf/machines.inf d2d
Network External Sort: First page reading is done! 
Network External Sort: Done!

real	3m21.277s
user	8m55.565s
sys	1m18.063s
./cppbin/DataReadNetworkIO data/tmp/tweets.inPlaceCPP data/tmp/tweets.inPlaceSortedCPP inPlace conf/machines.inf d2d
Network External Sort Data Transfer: Done!

real	1m27.790s
user	1m50.088s
sys	1m18.555s
./cppbin/DataReadNetwork data/tmp/tweets.BoostCPP data/tmp/tweets.BoostSortedCPP Boost conf/machines.inf d2d
Network External Sort: First page reading is done! 
Network External Sort: Done!

real	18m31.200s
user	64m59.599s
sys	1m35.826s
./cppbin/DataReadNetworkIO data/tmp/tweets.BoostCPP data/tmp/tweets.BoostSortedCPP Boost conf/machines.inf d2d
Network External Sort Data Transfer: Done!

real	1m4.412s
user	1m22.239s
sys	0m51.245s
./cppbin/DataReadNetwork data/tmp/tweets.ProtoBufCPP data/tmp/tweets.ProtoBufSortedCPP ProtoBuf conf/machines.inf d2d
Network External Sort: First page reading is done! 
Network External Sort: Done!

real	10m41.527s
user	33m54.447s
sys	2m23.393s
./cppbin/DataReadNetworkIO data/tmp/tweets.ProtoBufCPP data/tmp/tweets.ProtoBufSortedCPP ProtoBuf conf/machines.inf d2d
Network External Sort Data Transfer: Done!

real	1m5.876s
user	1m41.441s
sys	0m59.356s
./cppbin/DataReadNetwork data/tmp/tweets.BsonCPP data/tmp/tweets.BsonSortedCPP Bson conf/machines.inf d2d
Network External Sort: First page reading is done! 
Network External Sort: Done!

real	150m45.071s
user	572m57.805s
sys	3m38.464s
./cppbin/DataReadNetworkIO data/tmp/tweets.BsonCPP data/tmp/tweets.BsonSortedCPP Bson conf/machines.inf d2d
Network External Sort Data Transfer: Done!

real	2m11.125s
user	2m56.427s
sys	1m47.527s
./cppbin/DataReadNetwork data/tmp/tweets.FlatBufCPP data/tmp/tweets.FlatBufSortedCPP FlatBuf conf/machines.inf d2d
Network External Sort: First page reading is done! 
Network External Sort: Done!

real	7m32.651s
user	23m53.373s
sys	2m6.032s
./cppbin/DataReadNetworkIO data/tmp/tweets.FlatBufCPP data/tmp/tweets.FlatBufSortedCPP FlatBuf conf/machines.inf d2d
terminate called after throwing an instance of 'std::runtime_error'
  what():  Could not read from socket.
./expnetwork/runExperiment4_ExternalSortNetworkIOCPP.sh: line 15:  3421 Aborted                 (core dumped) $SCRIPT

real	0m7.726s
user	0m5.695s
sys	0m4.750s
./cppbin/DataReadNetwork data/tmp/tweets.HandcodedCPP data/tmp/tweets.HandcodedSortedCPP Handcoded conf/machines.inf d2d
terminate called after throwing an instance of 'std::runtime_error'
  what():  Could not read from socket.
./expnetwork/runExperiment4_ExternalSortCPP.sh: line 15:  3437 Aborted                 (core dumped) $SCRIPT

real	0m10.536s
user	0m2.383s
sys	0m2.103s
./cppbin/DataReadNetworkIO data/tmp/tweets.HandcodedCPP data/tmp/tweets.HandcodedSortedCPP Handcoded conf/machines.inf d2d
terminate called after throwing an instance of 'std::runtime_error'
  what():  Could not read from socket.
./expnetwork/runExperiment4_ExternalSortNetworkIOCPP.sh: line 15:  3449 Aborted                 (core dumped) $SCRIPT

real	0m25.190s
user	0m37.963s
sys	0m4.139s
./cppbin/DataReadNetwork data/tmp/tweets.inPlaceCPP data/tmp/tweets.inPlaceSortedCPP inPlace conf/machines.inf d2d
terminate called after throwing an instance of 'std::runtime_error'
  what():  Could not read from socket.
./expnetwork/runExperiment4_ExternalSortCPP.sh: line 15:  3465 Aborted                 (core dumped) $SCRIPT

real	0m9.247s
user	0m1.095s
sys	0m5.808s
./cppbin/DataReadNetworkIO data/tmp/tweets.inPlaceCPP data/tmp/tweets.inPlaceSortedCPP inPlace conf/machines.inf d2d
Network External Sort Data Transfer: Done!

real	1m50.745s
user	1m58.121s
sys	1m18.684s
./cppbin/DataReadNetwork data/tmp/tweets.BoostCPP data/tmp/tweets.BoostSortedCPP Boost conf/machines.inf d2d
terminate called after throwing an instance of 'std::runtime_error'
  what():  Could not read from socket.
./expnetwork/runExperiment4_ExternalSortCPP.sh: line 15:  3504 Aborted                 (core dumped) $SCRIPT

real	0m11.102s
user	0m7.798s
sys	0m0.982s
./cppbin/DataReadNetworkIO data/tmp/tweets.BoostCPP data/tmp/tweets.BoostSortedCPP Boost conf/machines.inf d2d
terminate called after throwing an instance of 'std::runtime_error'
  what():  Could not read from socket.
./expnetwork/runExperiment4_ExternalSortNetworkIOCPP.sh: line 15:  3520 Aborted                 (core dumped) $SCRIPT

real	0m44.535s
user	0m0.473s
sys	0m0.119s
./cppbin/DataReadNetwork data/tmp/tweets.ProtoBufCPP data/tmp/tweets.ProtoBufSortedCPP ProtoBuf conf/machines.inf d2d
Network External Sort: First page reading is done! 
Network External Sort: Done!

real	3m34.979s
user	7m15.854s
sys	0m36.679s
./cppbin/DataReadNetworkIO data/tmp/tweets.ProtoBufCPP data/tmp/tweets.ProtoBufSortedCPP ProtoBuf conf/machines.inf d2d
Network External Sort Data Transfer: Done!

real	3m43.309s
user	7m18.664s
sys	0m38.187s
./cppbin/DataReadNetwork data/tmp/tweets.BsonCPP data/tmp/tweets.BsonSortedCPP Bson conf/machines.inf d2d
terminate called after throwing an instance of 'bsoncxx::v_noabi::exception'
  what():  Got parse error at "", position 1: "WEIRD_WHITESPACE": could not parse JSON document
./expnetwork/runExperiment4_ExternalSortCPP.sh: line 15:  3599 Aborted                 (core dumped) $SCRIPT

real	0m15.431s
user	0m13.004s
sys	0m0.552s
./cppbin/DataReadNetworkIO data/tmp/tweets.BsonCPP data/tmp/tweets.BsonSortedCPP Bson conf/machines.inf d2d
